<?xml version="1.0" encoding="UTF-8"?>
<!-- Generated by org.testng.reporters.JUnitReportReporter -->
<testsuite skipped="0" hostname="DESKTOP-K29ICC0" name="script.p1" tests="1" failures="0" timestamp="2023-01-07T20:20:41 IST" time="13.952" errors="0">
  <testcase name="actiLoginScript" time="13.952" classname="script.p1"/>
  <system-out/>
</testsuite> <!-- script.p1 -->
